<?xml version="1.0" encoding="UTF-8"?>
<!-- Generated by org.testng.reporters.JUnitReportReporter -->
<testsuite hostname="Zubaid1517" failures="0" tests="1" name="testNGExecution.Remo" time="10.860" errors="0" timestamp="14 Mar 2024 13:35:12 GMT" skipped="0">
  <testcase classname="testNGExecution.Remo" name="remo" time="10.860"/>
</testsuite> <!-- testNGExecution.Remo -->
