<?xml version="1.0" encoding="UTF-8"?>
<!-- Generated by org.testng.reporters.JUnitReportReporter -->
<testsuite hostname="Zubaid1517" failures="0" tests="3" name="LearnTestNG.DescriptionFlag" time="0.016" errors="0" timestamp="12 Mar 2024 13:52:01 GMT" skipped="0">
  <testcase classname="LearnTestNG.DescriptionFlag" name="login" time="0.013"/>
  <testcase classname="LearnTestNG.DescriptionFlag" name="addToCart" time="0.002"/>
  <testcase classname="LearnTestNG.DescriptionFlag" name="logout" time="0.001"/>
</testsuite> <!-- LearnTestNG.DescriptionFlag -->
