<?xml version="1.0" encoding="UTF-8"?>
<!-- Generated by org.testng.reporters.JUnitReportReporter -->
<testsuite hostname="Zubaid1517" failures="0" tests="5" name="testNGExecution.ToUnderstandDataProvider" time="31.930" errors="0" timestamp="15 Mar 2024 14:00:37 GMT" skipped="0">
  <testcase classname="testNGExecution.ToUnderstandDataProvider" name="loginMethod" time="6.197"/>
  <testcase classname="testNGExecution.ToUnderstandDataProvider" name="loginMethod" time="6.239"/>
  <testcase classname="testNGExecution.ToUnderstandDataProvider" name="loginMethod" time="6.340"/>
  <testcase classname="testNGExecution.ToUnderstandDataProvider" name="loginMethod" time="6.922"/>
  <testcase classname="testNGExecution.ToUnderstandDataProvider" name="loginMethod" time="6.232"/>
</testsuite> <!-- testNGExecution.ToUnderstandDataProvider -->
