<?xml version="1.0" encoding="UTF-8"?>
<!-- Generated by org.testng.reporters.JUnitReportReporter -->
<testsuite hostname="Zubaid1517" failures="0" tests="1" name="testNGListeners.ValidLogin" time="13.050" errors="0" timestamp="16 Mar 2024 14:33:57 GMT" skipped="0">
  <testcase classname="testNGListeners.ValidLogin" name="login" time="13.050"/>
</testsuite> <!-- testNGListeners.ValidLogin -->
