<?xml version="1.0" encoding="UTF-8"?>
<!-- Generated by org.testng.reporters.JUnitReportReporter -->
<testsuite hostname="Zubaid1517" failures="0" tests="1" name="testNGListeners.ActitimeSoftAssert" time="2.656" errors="0" timestamp="21 Mar 2024 13:42:18 GMT" skipped="0">
  <testcase classname="testNGListeners.ActitimeSoftAssert" name="login" time="2.656"/>
</testsuite> <!-- testNGListeners.ActitimeSoftAssert -->
