<?xml version="1.0" encoding="UTF-8"?>
<!-- Generated by org.testng.reporters.JUnitReportReporter -->
<testsuite hostname="Zubaid1517" failures="0" tests="3" name="LearnTestNG.PriorityFlag" time="0.020" errors="0" timestamp="12 Mar 2024 13:32:21 GMT" skipped="0">
  <testcase classname="LearnTestNG.PriorityFlag" name="login" time="0.014"/>
  <testcase classname="LearnTestNG.PriorityFlag" name="logout" time="0.002"/>
  <testcase classname="LearnTestNG.PriorityFlag" name="addToCart" time="0.004"/>
</testsuite> <!-- LearnTestNG.PriorityFlag -->
