<?xml version="1.0" encoding="UTF-8"?>
<!-- Generated by org.testng.reporters.JUnitReportReporter -->
<testsuite hostname="Zubaid1517" failures="0" tests="7" name="LearnTestNG.InvocationCountFlag" time="0.019" errors="0" timestamp="12 Mar 2024 14:01:24 GMT" skipped="0">
  <testcase classname="LearnTestNG.InvocationCountFlag" name="login" time="0.012"/>
  <testcase classname="LearnTestNG.InvocationCountFlag" name="addToCart" time="0.001"/>
  <testcase classname="LearnTestNG.InvocationCountFlag" name="addToCart" time="0.001"/>
  <testcase classname="LearnTestNG.InvocationCountFlag" name="addToCart" time="0.001"/>
  <testcase classname="LearnTestNG.InvocationCountFlag" name="addToCart" time="0.001"/>
  <testcase classname="LearnTestNG.InvocationCountFlag" name="addToCart" time="0.001"/>
  <testcase classname="LearnTestNG.InvocationCountFlag" name="logout" time="0.002"/>
</testsuite> <!-- LearnTestNG.InvocationCountFlag -->
