<?xml version="1.0" encoding="UTF-8"?>
<!-- Generated by org.testng.reporters.JUnitReportReporter -->
<testsuite hostname="Zubaid1517" failures="0" tests="2" name="testNGExecution.Parameterization" time="17.981" errors="0" timestamp="15 Mar 2024 13:24:02 GMT" skipped="0">
  <testcase classname="testNGExecution.Parameterization" name="validLogin" time="6.782"/>
  <testcase classname="testNGExecution.Parameterization" name="validLogin" time="11.199"/>
</testsuite> <!-- testNGExecution.Parameterization -->
