<?xml version="1.0" encoding="UTF-8"?>
<!-- Generated by org.testng.reporters.JUnitReportReporter -->
<testsuite hostname="Zubaid1517" failures="0" tests="1" name="testNGListeners.ActiTimeVerificationAndValidation" time="11.397" errors="0" timestamp="21 Mar 2024 13:26:36 GMT" skipped="0">
  <testcase classname="testNGListeners.ActiTimeVerificationAndValidation" name="validLogin" time="11.397"/>
</testsuite> <!-- testNGListeners.ActiTimeVerificationAndValidation -->
