<?xml version="1.0" encoding="UTF-8"?>
<!-- Generated by org.testng.reporters.JUnitReportReporter -->
<testsuite hostname="Zubaid1517" failures="0" tests="1" name="testNGExecution.Sumo" time="9.859" errors="0" timestamp="15 Mar 2024 13:21:59 GMT" skipped="0">
  <testcase classname="testNGExecution.Sumo" name="sumo" time="9.859"/>
</testsuite> <!-- testNGExecution.Sumo -->
