<?xml version="1.0" encoding="UTF-8"?>
<!-- Generated by org.testng.reporters.JUnitReportReporter -->
<testsuite hostname="Zubaid1517" failures="0" tests="2" name="LearnTestNG.Annotations" time="0.009" errors="0" timestamp="13 Mar 2024 13:53:04 GMT" skipped="0">
  <testcase classname="LearnTestNG.Annotations" name="test1" time="0.007"/>
  <testcase classname="LearnTestNG.Annotations" name="test2" time="0.002"/>
</testsuite> <!-- LearnTestNG.Annotations -->
