<?xml version="1.0" encoding="UTF-8"?>
<!-- Generated by org.testng.reporters.JUnitReportReporter -->
<testsuite hostname="Zubaid1517" failures="0" tests="1" name="testNGExecution.Demo" time="12.238" errors="0" timestamp="15 Mar 2024 13:21:59 GMT" skipped="0">
  <testcase classname="testNGExecution.Demo" name="demo" time="12.238"/>
</testsuite> <!-- testNGExecution.Demo -->
