<?xml version="1.0" encoding="UTF-8"?>
<!-- Generated by org.testng.reporters.JUnitReportReporter -->
<testsuite hostname="Zubaid1517" failures="0" tests="3" name="LearnTestNG.FirstTestNGClass" time="0.015" errors="0" timestamp="11 Mar 2024 14:33:49 GMT" skipped="0">
  <testcase classname="LearnTestNG.FirstTestNGClass" name="login" time="0.013"/>
  <testcase classname="LearnTestNG.FirstTestNGClass" name="addtoCart" time="0.001"/>
  <testcase classname="LearnTestNG.FirstTestNGClass" name="logout" time="0.001"/>
</testsuite> <!-- LearnTestNG.FirstTestNGClass -->
