<?xml version="1.0" encoding="UTF-8"?>
<!-- Generated by org.testng.reporters.JUnitReportReporter -->
<testsuite hostname="Zubaid1517" failures="0" tests="1" name="testPackage.ValidLoginTestCase" time="8.771" errors="0" timestamp="21 Mar 2024 14:06:53 GMT" skipped="0">
  <testcase classname="testPackage.ValidLoginTestCase" name="validLogin_TC" time="8.771"/>
</testsuite> <!-- testPackage.ValidLoginTestCase -->
