<?xml version="1.0" encoding="UTF-8"?>
<!-- Generated by org.testng.reporters.JUnitReportReporter -->
<testsuite hostname="Zubaid1517" failures="0" tests="1" name="testPackage.CreateUserManager" time="19.586" errors="0" timestamp="21 Mar 2024 14:06:53 GMT" skipped="0">
  <testcase classname="testPackage.CreateUserManager" name="createUserManager_TC" time="19.586"/>
</testsuite> <!-- testPackage.CreateUserManager -->
