<?xml version="1.0" encoding="UTF-8"?>
<!-- Generated by org.testng.reporters.JUnitReportReporter -->
<testsuite hostname="Zubaid1517" failures="0" tests="1" name="testPackage.CreateNewCustomerAndProject" time="20.768" errors="0" timestamp="21 Mar 2024 14:06:53 GMT" skipped="0">
  <testcase classname="testPackage.CreateNewCustomerAndProject" name="createNewCustomerAndProject_TC" time="20.768"/>
</testsuite> <!-- testPackage.CreateNewCustomerAndProject -->
